

Started GET "/fees/fee_collection" for 127.0.0.1 at 2019-01-02 16:10:14 +0530

ActionController::RoutingError (No route matches [GET] "/fees/fee_collection"):
  actionpack (4.1.6) lib/action_dispatch/middleware/debug_exceptions.rb:21:in `call'
  actionpack (4.1.6) lib/action_dispatch/middleware/show_exceptions.rb:30:in `call'
  railties (4.1.6) lib/rails/rack/logger.rb:38:in `call_app'
  railties (4.1.6) lib/rails/rack/logger.rb:20:in `block in call'
  activesupport (4.1.6) lib/active_support/tagged_logging.rb:68:in `block in tagged'
  activesupport (4.1.6) lib/active_support/tagged_logging.rb:26:in `tagged'
  activesupport (4.1.6) lib/active_support/tagged_logging.rb:68:in `tagged'
  railties (4.1.6) lib/rails/rack/logger.rb:20:in `call'
  actionpack (4.1.6) lib/action_dispatch/middleware/request_id.rb:21:in `call'
  rack (1.5.5) lib/rack/methodoverride.rb:21:in `call'
  rack (1.5.5) lib/rack/runtime.rb:17:in `call'
  activesupport (4.1.6) lib/active_support/cache/strategy/local_cache_middleware.rb:26:in `call'
  rack (1.5.5) lib/rack/lock.rb:17:in `call'
  actionpack (4.1.6) lib/action_dispatch/middleware/static.rb:64:in `call'
  rack (1.5.5) lib/rack/sendfile.rb:112:in `call'
  railties (4.1.6) lib/rails/engine.rb:514:in `call'
  railties (4.1.6) lib/rails/application.rb:144:in `call'
  rack (1.5.5) lib/rack/lock.rb:17:in `call'
  rack (1.5.5) lib/rack/content_length.rb:14:in `call'
  rack (1.5.5) lib/rack/handler/webrick.rb:60:in `service'
  /home/jyoti/.rbenv/versions/2.1.3/lib/ruby/2.1.0/webrick/httpserver.rb:138:in `service'
  /home/jyoti/.rbenv/versions/2.1.3/lib/ruby/2.1.0/webrick/httpserver.rb:94:in `run'
  /home/jyoti/.rbenv/versions/2.1.3/lib/ruby/2.1.0/webrick/server.rb:295:in `block in start_thread'


  Rendered /home/jyoti/.rbenv/versions/2.1.3/lib/ruby/gems/2.1.0/gems/actionpack-4.1.6/lib/action_dispatch/middleware/templates/rescues/_trace.html.erb (1.0ms)
  Rendered /home/jyoti/.rbenv/versions/2.1.3/lib/ruby/gems/2.1.0/gems/actionpack-4.1.6/lib/action_dispatch/middleware/templates/routes/_table.html.erb (4.9ms)
  Rendered /home/jyoti/.rbenv/versions/2.1.3/lib/ruby/gems/2.1.0/gems/actionpack-4.1.6/lib/action_dispatch/middleware/templates/rescues/routing_error.html.erb within rescues/layout (26.7ms)


Started GET "/" for 127.0.0.1 at 2019-01-02 16:10:26 +0530
Processing by Rails::WelcomeController#index as HTML
  Rendered /home/jyoti/.rbenv/versions/2.1.3/lib/ruby/gems/2.1.0/gems/railties-4.1.6/lib/rails/templates/rails/welcome/index.html.erb (0.7ms)
Completed 200 OK in 35ms (Views: 22.2ms | ActiveRecord: 0.0ms)


Started GET "/rails/info/properties" for 127.0.0.1 at 2019-01-02 16:10:31 +0530
Processing by Rails::InfoController#properties as */*
  Rendered /home/jyoti/.rbenv/versions/2.1.3/lib/ruby/gems/2.1.0/gems/railties-4.1.6/lib/rails/templates/rails/info/properties.html.erb (0.3ms)
Completed 200 OK in 86ms (Views: 19.4ms | ActiveRecord: 8.5ms)


Started GET "/" for 127.0.0.1 at 2019-01-02 16:11:38 +0530
Processing by Rails::WelcomeController#index as HTML
  Rendered /home/jyoti/.rbenv/versions/2.1.3/lib/ruby/gems/2.1.0/gems/railties-4.1.6/lib/rails/templates/rails/welcome/index.html.erb (0.9ms)
Completed 200 OK in 10ms (Views: 3.8ms | ActiveRecord: 0.0ms)


Started GET "/" for 127.0.0.1 at 2019-01-02 16:25:15 +0530
Processing by Rails::WelcomeController#index as HTML
  Rendered /home/jyoti/.rbenv/versions/2.1.3/lib/ruby/gems/2.1.0/gems/railties-4.1.6/lib/rails/templates/rails/welcome/index.html.erb (1.0ms)
Completed 200 OK in 15ms (Views: 9.3ms | ActiveRecord: 0.0ms)
  [1m[36mMgSmsRequest Load (0.1ms)[0m  [1mSELECT "mg_sms_requests".* FROM "mg_sms_requests"  WHERE "mg_sms_requests"."is_deleted" = 0 AND "mg_sms_requests"."status" = 'Pending'[0m
SQLite3::SQLException: no such table: mg_sms_requests: SELECT "mg_sms_requests".* FROM "mg_sms_requests"  WHERE "mg_sms_requests"."is_deleted" = 0 AND "mg_sms_requests"."status" = 'Pending'
  [1m[36mMgSmsRequest Load (2.5ms)[0m  [1mSELECT `mg_sms_requests`.* FROM `mg_sms_requests`  WHERE `mg_sms_requests`.`is_deleted` = 0 AND `mg_sms_requests`.`status` = 'Pending'[0m
  [1m[35mSQL (2.1ms)[0m  UPDATE `mg_sms_requests` SET `mg_sms_requests`.`status` = 'In Queue' WHERE `mg_sms_requests`.`is_deleted` = 0 AND `mg_sms_requests`.`status` = 'Pending'


Started GET "/" for 127.0.0.1 at 2019-01-05 13:57:02 +0530
  [1m[36mMgSmsRequest Load (17.0ms)[0m  [1mSELECT `mg_sms_requests`.* FROM `mg_sms_requests`  WHERE `mg_sms_requests`.`is_deleted` = 0 AND `mg_sms_requests`.`status` = 'Pending'[0m
Processing by Rails::WelcomeController#index as HTML
  [1m[35mSQL (2.3ms)[0m  UPDATE `mg_sms_requests` SET `mg_sms_requests`.`status` = 'In Queue' WHERE `mg_sms_requests`.`is_deleted` = 0 AND `mg_sms_requests`.`status` = 'Pending'
  Rendered /home/jyoti/.rbenv/versions/2.1.3/lib/ruby/gems/2.1.0/gems/railties-4.1.6/lib/rails/templates/rails/welcome/index.html.erb (11.3ms)
Completed 200 OK in 397ms (Views: 290.8ms | ActiveRecord: 0.0ms)


Started GET "/index" for 127.0.0.1 at 2019-01-05 13:57:38 +0530

ActionController::RoutingError (No route matches [GET] "/index"):
  actionpack (4.1.6) lib/action_dispatch/middleware/debug_exceptions.rb:21:in `call'
  actionpack (4.1.6) lib/action_dispatch/middleware/show_exceptions.rb:30:in `call'
  railties (4.1.6) lib/rails/rack/logger.rb:38:in `call_app'
  railties (4.1.6) lib/rails/rack/logger.rb:20:in `block in call'
  activesupport (4.1.6) lib/active_support/tagged_logging.rb:68:in `block in tagged'
  activesupport (4.1.6) lib/active_support/tagged_logging.rb:26:in `tagged'
  activesupport (4.1.6) lib/active_support/tagged_logging.rb:68:in `tagged'
  railties (4.1.6) lib/rails/rack/logger.rb:20:in `call'
  actionpack (4.1.6) lib/action_dispatch/middleware/request_id.rb:21:in `call'
  rack (1.5.5) lib/rack/methodoverride.rb:21:in `call'
  rack (1.5.5) lib/rack/runtime.rb:17:in `call'
  activesupport (4.1.6) lib/active_support/cache/strategy/local_cache_middleware.rb:26:in `call'
  rack (1.5.5) lib/rack/lock.rb:17:in `call'
  actionpack (4.1.6) lib/action_dispatch/middleware/static.rb:64:in `call'
  rack (1.5.5) lib/rack/sendfile.rb:112:in `call'
  railties (4.1.6) lib/rails/engine.rb:514:in `call'
  railties (4.1.6) lib/rails/application.rb:144:in `call'
  rack (1.5.5) lib/rack/lock.rb:17:in `call'
  rack (1.5.5) lib/rack/content_length.rb:14:in `call'
  rack (1.5.5) lib/rack/handler/webrick.rb:60:in `service'
  /home/jyoti/.rbenv/versions/2.1.3/lib/ruby/2.1.0/webrick/httpserver.rb:138:in `service'
  /home/jyoti/.rbenv/versions/2.1.3/lib/ruby/2.1.0/webrick/httpserver.rb:94:in `run'
  /home/jyoti/.rbenv/versions/2.1.3/lib/ruby/2.1.0/webrick/server.rb:295:in `block in start_thread'


  Rendered /home/jyoti/.rbenv/versions/2.1.3/lib/ruby/gems/2.1.0/gems/actionpack-4.1.6/lib/action_dispatch/middleware/templates/rescues/_trace.html.erb (1.1ms)
  Rendered /home/jyoti/.rbenv/versions/2.1.3/lib/ruby/gems/2.1.0/gems/actionpack-4.1.6/lib/action_dispatch/middleware/templates/routes/_table.html.erb (39.3ms)
  Rendered /home/jyoti/.rbenv/versions/2.1.3/lib/ruby/gems/2.1.0/gems/actionpack-4.1.6/lib/action_dispatch/middleware/templates/rescues/routing_error.html.erb within rescues/layout (64.5ms)


Started GET "/" for 127.0.0.1 at 2019-01-05 13:57:42 +0530
Processing by Rails::WelcomeController#index as HTML
  Rendered /home/jyoti/.rbenv/versions/2.1.3/lib/ruby/gems/2.1.0/gems/railties-4.1.6/lib/rails/templates/rails/welcome/index.html.erb (0.0ms)
Completed 200 OK in 1ms (Views: 0.8ms | ActiveRecord: 0.0ms)
  [1m[36mMgSmsRequest Load (3.2ms)[0m  [1mSELECT `mg_sms_requests`.* FROM `mg_sms_requests`  WHERE `mg_sms_requests`.`is_deleted` = 0 AND `mg_sms_requests`.`status` = 'Pending'[0m
  [1m[35mSQL (2.1ms)[0m  UPDATE `mg_sms_requests` SET `mg_sms_requests`.`status` = 'In Queue' WHERE `mg_sms_requests`.`is_deleted` = 0 AND `mg_sms_requests`.`status` = 'Pending'
